android-client/app/build/intermediates/manifest_merge_blame_file/debug/processDebugMainManifest/manifest-merger-blame-debug-report.txt
1<?xml version="1.0" encoding="utf-8"?>
2<manifest xmlns:android="http://schemas.android.com/apk/res/android"
3    package="tm.otpgateway.client"
4    android:versionCode="1"
5    android:versionName="1.0" >
6
7    <uses-sdk
8        android:minSdkVersion="24"
9        android:targetSdkVersion="35" />
10
11    <uses-permission android:name="android.permission.INTERNET" />
11-->src\main\AndroidManifest.xml:5:5-67
11-->src\main\AndroidManifest.xml:5:22-64
12    <uses-permission android:name="android.permission.ACCESS_NETWORK_STATE" />
12-->src\main\AndroidManifest.xml:6:5-79
12-->src\main\AndroidManifest.xml:6:22-76
13
14    <!-- The whole point of the app: handing an OTP to the carrier. -->
15    <uses-permission android:name="android.permission.SEND_SMS" />
15-->src\main\AndroidManifest.xml:9:5-67
15-->src\main\AndroidManifest.xml:9:22-64
16
17    <!--
18         Optional: only to name the SIMs so the operator can pin the one that
19         pays for the traffic. Sending works without it, on the default SIM.
20    -->
21    <uses-permission android:name="android.permission.READ_PHONE_STATE" />
21-->src\main\AndroidManifest.xml:13:5-75
21-->src\main\AndroidManifest.xml:13:22-72
22
23    <!--
24         The heartbeat has to keep running with the screen off, otherwise the
25         gateway drops this handset out of its dispatch pool after 5 minutes.
26    -->
27    <uses-permission android:name="android.permission.FOREGROUND_SERVICE" />
27-->src\main\AndroidManifest.xml:17:5-77
27-->src\main\AndroidManifest.xml:17:22-74
28    <uses-permission android:name="android.permission.FOREGROUND_SERVICE_SPECIAL_USE" />
28-->src\main\AndroidManifest.xml:18:5-89
28-->src\main\AndroidManifest.xml:18:22-86
29    <uses-permission android:name="android.permission.POST_NOTIFICATIONS" />
29-->src\main\AndroidManifest.xml:19:5-77
29-->src\main\AndroidManifest.xml:19:22-74
30    <uses-permission android:name="android.permission.RECEIVE_BOOT_COMPLETED" />
30-->src\main\AndroidManifest.xml:20:5-81
30-->src\main\AndroidManifest.xml:20:22-78
31    <uses-permission android:name="android.permission.WAKE_LOCK" />
31-->src\main\AndroidManifest.xml:21:5-68
31-->src\main\AndroidManifest.xml:21:22-65
32    <uses-permission android:name="android.permission.REQUEST_IGNORE_BATTERY_OPTIMIZATIONS" />
32-->src\main\AndroidManifest.xml:22:5-24:38
32-->src\main\AndroidManifest.xml:23:9-79
33
34    <uses-feature
34-->src\main\AndroidManifest.xml:26:5-28:35
35        android:name="android.hardware.telephony"
35-->src\main\AndroidManifest.xml:27:9-50
36        android:required="true" />
36-->src\main\AndroidManifest.xml:28:9-32
37
38    <!-- Required by older versions of Google Play services to create IID tokens -->
39    <uses-permission android:name="com.google.android.c2dm.permission.RECEIVE" />
39-->[com.google.firebase:firebase-messaging:25.1.3] AndroidManifest.xml:26:5-82
39-->[com.google.firebase:firebase-messaging:25.1.3] AndroidManifest.xml:26:22-79
40
41    <permission
41-->[androidx.core:core:1.13.1] AndroidManifest.xml:22:5-24:47
42        android:name="tm.otpgateway.client.DYNAMIC_RECEIVER_NOT_EXPORTED_PERMISSION"
42-->[androidx.core:core:1.13.1] AndroidManifest.xml:23:9-81
43        android:protectionLevel="signature" />
43-->[androidx.core:core:1.13.1] AndroidManifest.xml:24:9-44
44
45    <uses-permission android:name="tm.otpgateway.client.DYNAMIC_RECEIVER_NOT_EXPORTED_PERMISSION" />
45-->[androidx.core:core:1.13.1] AndroidManifest.xml:26:5-97
45-->[androidx.core:core:1.13.1] AndroidManifest.xml:26:22-94
46
47    <application
47-->src\main\AndroidManifest.xml:30:5-83:19
48        android:name="tm.otpgateway.client.OtpGatewayApp"
48-->src\main\AndroidManifest.xml:31:9-38
49        android:allowBackup="false"
49-->src\main\AndroidManifest.xml:32:9-36
50        android:appComponentFactory="androidx.core.app.CoreComponentFactory"
50-->[androidx.core:core:1.13.1] AndroidManifest.xml:28:18-86
51        android:dataExtractionRules="@xml/data_extraction_rules"
51-->src\main\AndroidManifest.xml:33:9-65
52        android:debuggable="true"
53        android:extractNativeLibs="false"
54        android:icon="@mipmap/ic_launcher"
54-->src\main\AndroidManifest.xml:34:9-43
55        android:label="@string/app_name"
55-->src\main\AndroidManifest.xml:35:9-41
56        android:supportsRtl="true"
56-->src\main\AndroidManifest.xml:36:9-35
57        android:theme="@style/Theme.OtpGateway" >
57-->src\main\AndroidManifest.xml:37:9-48
58        <activity
58-->src\main\AndroidManifest.xml:39:9-48:20
59            android:name="tm.otpgateway.client.MainActivity"
59-->src\main\AndroidManifest.xml:40:13-41
60            android:exported="true"
60-->src\main\AndroidManifest.xml:41:13-36
61            android:launchMode="singleTask"
61-->src\main\AndroidManifest.xml:42:13-44
62            android:theme="@style/Theme.OtpGateway" >
62-->src\main\AndroidManifest.xml:43:13-52
63            <intent-filter>
63-->src\main\AndroidManifest.xml:44:13-47:29
64                <action android:name="android.intent.action.MAIN" />
64-->src\main\AndroidManifest.xml:45:17-69
64-->src\main\AndroidManifest.xml:45:25-66
65
66                <category android:name="android.intent.category.LAUNCHER" />
66-->src\main\AndroidManifest.xml:46:17-77
66-->src\main\AndroidManifest.xml:46:27-74
67            </intent-filter>
68        </activity>
69
70        <service
70-->src\main\AndroidManifest.xml:50:9-58:19
71            android:name="tm.otpgateway.client.service.HeartbeatService"
71-->src\main\AndroidManifest.xml:51:13-53
72            android:exported="false"
72-->src\main\AndroidManifest.xml:52:13-37
73            android:foregroundServiceType="specialUse" >
73-->src\main\AndroidManifest.xml:53:13-55
74            <property
74-->src\main\AndroidManifest.xml:54:13-57:84
75                android:name="android.app.PROPERTY_SPECIAL_USE_FGS_SUBTYPE"
75-->src\main\AndroidManifest.xml:55:17-76
76                android:value="Keeps the SMS gateway handset registered with its server so                     outbound one-time passwords can be delivered without delay." />
76-->src\main\AndroidManifest.xml:56:17-173
77        </service>
78        <service
78-->src\main\AndroidManifest.xml:60:9-66:19
79            android:name="tm.otpgateway.client.sms.GatewayMessagingService"
79-->src\main\AndroidManifest.xml:61:13-56
80            android:exported="false" >
80-->src\main\AndroidManifest.xml:62:13-37
81            <intent-filter>
81-->src\main\AndroidManifest.xml:63:13-65:29
82                <action android:name="com.google.firebase.MESSAGING_EVENT" />
82-->src\main\AndroidManifest.xml:64:17-78
82-->src\main\AndroidManifest.xml:64:25-75
83            </intent-filter>
84        </service>
85
86        <receiver
86-->src\main\AndroidManifest.xml:68:9-76:20
87            android:name="tm.otpgateway.client.service.BootReceiver"
87-->src\main\AndroidManifest.xml:69:13-49
88            android:enabled="true"
88-->src\main\AndroidManifest.xml:70:13-35
89            android:exported="true" >
89-->src\main\AndroidManifest.xml:71:13-36
90            <intent-filter>
90-->src\main\AndroidManifest.xml:72:13-75:29
91                <action android:name="android.intent.action.BOOT_COMPLETED" />
91-->src\main\AndroidManifest.xml:73:17-79
91-->src\main\AndroidManifest.xml:73:25-76
92                <action android:name="android.intent.action.MY_PACKAGE_REPLACED" />
92-->src\main\AndroidManifest.xml:74:17-84
92-->src\main\AndroidManifest.xml:74:25-81
93            </intent-filter>
94        </receiver>
95
96        <!--
97             Data-only messages are handled in code; this is only the fallback
98             icon/colour for anything the system surfaces itself.
99        -->
100        <meta-data
100-->src\main\AndroidManifest.xml:80:9-82:60
101            android:name="com.google.firebase.messaging.default_notification_icon"
101-->src\main\AndroidManifest.xml:81:13-83
102            android:resource="@drawable/ic_stat_gateway" />
102-->src\main\AndroidManifest.xml:82:13-57
103
104        <provider
104-->[androidx.work:work-runtime:2.9.1] AndroidManifest.xml:29:9-37:20
105            android:name="androidx.startup.InitializationProvider"
105-->[androidx.work:work-runtime:2.9.1] AndroidManifest.xml:30:13-67
106            android:authorities="tm.otpgateway.client.androidx-startup"
106-->[androidx.work:work-runtime:2.9.1] AndroidManifest.xml:31:13-68
107            android:exported="false" >
107-->[androidx.work:work-runtime:2.9.1] AndroidManifest.xml:32:13-37
108            <meta-data
108-->[androidx.work:work-runtime:2.9.1] AndroidManifest.xml:34:13-36:52
109                android:name="androidx.work.WorkManagerInitializer"
109-->[androidx.work:work-runtime:2.9.1] AndroidManifest.xml:35:17-68
110                android:value="androidx.startup" />
110-->[androidx.work:work-runtime:2.9.1] AndroidManifest.xml:36:17-49
111            <meta-data
111-->[androidx.emoji2:emoji2:1.3.0] AndroidManifest.xml:29:13-31:52
112                android:name="androidx.emoji2.text.EmojiCompatInitializer"
112-->[androidx.emoji2:emoji2:1.3.0] AndroidManifest.xml:30:17-75
113                android:value="androidx.startup" />
113-->[androidx.emoji2:emoji2:1.3.0] AndroidManifest.xml:31:17-49
114            <meta-data
114-->[androidx.lifecycle:lifecycle-process:2.8.7] AndroidManifest.xml:29:13-31:52
115                android:name="androidx.lifecycle.ProcessLifecycleInitializer"
115-->[androidx.lifecycle:lifecycle-process:2.8.7] AndroidManifest.xml:30:17-78
116                android:value="androidx.startup" />
116-->[androidx.lifecycle:lifecycle-process:2.8.7] AndroidManifest.xml:31:17-49
117            <meta-data
117-->[androidx.profileinstaller:profileinstaller:1.3.1] AndroidManifest.xml:29:13-31:52
118                android:name="androidx.profileinstaller.ProfileInstallerInitializer"
118-->[androidx.profileinstaller:profileinstaller:1.3.1] AndroidManifest.xml:30:17-85
119                android:value="androidx.startup" />
119-->[androidx.profileinstaller:profileinstaller:1.3.1] AndroidManifest.xml:31:17-49
120        </provider>
121
122        <service
122-->[androidx.work:work-runtime:2.9.1] AndroidManifest.xml:39:9-45:35
123            android:name="androidx.work.impl.background.systemalarm.SystemAlarmService"
123-->[androidx.work:work-runtime:2.9.1] AndroidManifest.xml:40:13-88
124            android:directBootAware="false"
124-->[androidx.work:work-runtime:2.9.1] AndroidManifest.xml:41:13-44
125            android:enabled="@bool/enable_system_alarm_service_default"
125-->[androidx.work:work-runtime:2.9.1] AndroidManifest.xml:42:13-72
126            android:exported="false" />
126-->[androidx.work:work-runtime:2.9.1] AndroidManifest.xml:43:13-37
127        <service
127-->[androidx.work:work-runtime:2.9.1] AndroidManifest.xml:46:9-52:35
128            android:name="androidx.work.impl.background.systemjob.SystemJobService"
128-->[androidx.work:work-runtime:2.9.1] AndroidManifest.xml:47:13-84
129            android:directBootAware="false"
129-->[androidx.work:work-runtime:2.9.1] AndroidManifest.xml:48:13-44
130            android:enabled="@bool/enable_system_job_service_default"
130-->[androidx.work:work-runtime:2.9.1] AndroidManifest.xml:49:13-70
131            android:exported="true"
131-->[androidx.work:work-runtime:2.9.1] AndroidManifest.xml:50:13-36
132            android:permission="android.permission.BIND_JOB_SERVICE" />
132-->[androidx.work:work-runtime:2.9.1] AndroidManifest.xml:51:13-69
133        <service
133-->[androidx.work:work-runtime:2.9.1] AndroidManifest.xml:53:9-59:35
134            android:name="androidx.work.impl.foreground.SystemForegroundService"
134-->[androidx.work:work-runtime:2.9.1] AndroidManifest.xml:54:13-81
135            android:directBootAware="false"
135-->[androidx.work:work-runtime:2.9.1] AndroidManifest.xml:55:13-44
136            android:enabled="@bool/enable_system_foreground_service_default"
136-->[androidx.work:work-runtime:2.9.1] AndroidManifest.xml:56:13-77
137            android:exported="false" />
137-->[androidx.work:work-runtime:2.9.1] AndroidManifest.xml:57:13-37
138
139        <receiver
139-->[androidx.work:work-runtime:2.9.1] AndroidManifest.xml:61:9-66:35
140            android:name="androidx.work.impl.utils.ForceStopRunnable$BroadcastReceiver"
140-->[androidx.work:work-runtime:2.9.1] AndroidManifest.xml:62:13-88
141            android:directBootAware="false"
141-->[androidx.work:work-runtime:2.9.1] AndroidManifest.xml:63:13-44
142            android:enabled="true"
142-->[androidx.work:work-runtime:2.9.1] AndroidManifest.xml:64:13-35
143            android:exported="false" />
143-->[androidx.work:work-runtime:2.9.1] AndroidManifest.xml:65:13-37
144        <receiver
144-->[androidx.work:work-runtime:2.9.1] AndroidManifest.xml:67:9-77:20
145            android:name="androidx.work.impl.background.systemalarm.ConstraintProxy$BatteryChargingProxy"
145-->[androidx.work:work-runtime:2.9.1] AndroidManifest.xml:68:13-106
146            android:directBootAware="false"
146-->[androidx.work:work-runtime:2.9.1] AndroidManifest.xml:69:13-44
147            android:enabled="false"
147-->[androidx.work:work-runtime:2.9.1] AndroidManifest.xml:70:13-36
148            android:exported="false" >
148-->[androidx.work:work-runtime:2.9.1] AndroidManifest.xml:71:13-37
149            <intent-filter>
149-->[androidx.work:work-runtime:2.9.1] AndroidManifest.xml:73:13-76:29
150                <action android:name="android.intent.action.ACTION_POWER_CONNECTED" />
150-->[androidx.work:work-runtime:2.9.1] AndroidManifest.xml:74:17-87
150-->[androidx.work:work-runtime:2.9.1] AndroidManifest.xml:74:25-84
151                <action android:name="android.intent.action.ACTION_POWER_DISCONNECTED" />
151-->[androidx.work:work-runtime:2.9.1] AndroidManifest.xml:75:17-90
151-->[androidx.work:work-runtime:2.9.1] AndroidManifest.xml:75:25-87
152            </intent-filter>
153        </receiver>
154        <receiver
154-->[androidx.work:work-runtime:2.9.1] AndroidManifest.xml:78:9-88:20
155            android:name="androidx.work.impl.background.systemalarm.ConstraintProxy$BatteryNotLowProxy"
155-->[androidx.work:work-runtime:2.9.1] AndroidManifest.xml:79:13-104
156            android:directBootAware="false"
156-->[androidx.work:work-runtime:2.9.1] AndroidManifest.xml:80:13-44
157            android:enabled="false"
157-->[androidx.work:work-runtime:2.9.1] AndroidManifest.xml:81:13-36
158            android:exported="false" >
158-->[androidx.work:work-runtime:2.9.1] AndroidManifest.xml:82:13-37
159            <intent-filter>
159-->[androidx.work:work-runtime:2.9.1] AndroidManifest.xml:84:13-87:29
160                <action android:name="android.intent.action.BATTERY_OKAY" />
160-->[androidx.work:work-runtime:2.9.1] AndroidManifest.xml:85:17-77
160-->[androidx.work:work-runtime:2.9.1] AndroidManifest.xml:85:25-74
161                <action android:name="android.intent.action.BATTERY_LOW" />
161-->[androidx.work:work-runtime:2.9.1] AndroidManifest.xml:86:17-76
161-->[androidx.work:work-runtime:2.9.1] AndroidManifest.xml:86:25-73
162            </intent-filter>
163        </receiver>
164        <receiver
164-->[androidx.work:work-runtime:2.9.1] AndroidManifest.xml:89:9-99:20
165            android:name="androidx.work.impl.background.systemalarm.ConstraintProxy$StorageNotLowProxy"
165-->[androidx.work:work-runtime:2.9.1] AndroidManifest.xml:90:13-104
166            android:directBootAware="false"
166-->[androidx.work:work-runtime:2.9.1] AndroidManifest.xml:91:13-44
167            android:enabled="false"
167-->[androidx.work:work-runtime:2.9.1] AndroidManifest.xml:92:13-36
168            android:exported="false" >
168-->[androidx.work:work-runtime:2.9.1] AndroidManifest.xml:93:13-37
169            <intent-filter>
169-->[androidx.work:work-runtime:2.9.1] AndroidManifest.xml:95:13-98:29
170                <action android:name="android.intent.action.DEVICE_STORAGE_LOW" />
170-->[androidx.work:work-runtime:2.9.1] AndroidManifest.xml:96:17-83
170-->[androidx.work:work-runtime:2.9.1] AndroidManifest.xml:96:25-80
171                <action android:name="android.intent.action.DEVICE_STORAGE_OK" />
171-->[androidx.work:work-runtime:2.9.1] AndroidManifest.xml:97:17-82
171-->[androidx.work:work-runtime:2.9.1] AndroidManifest.xml:97:25-79
172            </intent-filter>
173        </receiver>
174        <receiver
174-->[androidx.work:work-runtime:2.9.1] AndroidManifest.xml:100:9-109:20
175            android:name="androidx.work.impl.background.systemalarm.ConstraintProxy$NetworkStateProxy"
175-->[androidx.work:work-runtime:2.9.1] AndroidManifest.xml:101:13-103
176            android:directBootAware="false"
176-->[androidx.work:work-runtime:2.9.1] AndroidManifest.xml:102:13-44
177            android:enabled="false"
177-->[androidx.work:work-runtime:2.9.1] AndroidManifest.xml:103:13-36
178            android:exported="false" >
178-->[androidx.work:work-runtime:2.9.1] AndroidManifest.xml:104:13-37
179            <intent-filter>
179-->[androidx.work:work-runtime:2.9.1] AndroidManifest.xml:106:13-108:29
180                <action android:name="android.net.conn.CONNECTIVITY_CHANGE" />
180-->[androidx.work:work-runtime:2.9.1] AndroidManifest.xml:107:17-79
180-->[androidx.work:work-runtime:2.9.1] AndroidManifest.xml:107:25-76
181            </intent-filter>
182        </receiver>
183        <receiver
183-->[androidx.work:work-runtime:2.9.1] AndroidManifest.xml:110:9-121:20
184            android:name="androidx.work.impl.background.systemalarm.RescheduleReceiver"
184-->[androidx.work:work-runtime:2.9.1] AndroidManifest.xml:111:13-88
185            android:directBootAware="false"
185-->[androidx.work:work-runtime:2.9.1] AndroidManifest.xml:112:13-44
186            android:enabled="false"
186-->[androidx.work:work-runtime:2.9.1] AndroidManifest.xml:113:13-36
187            android:exported="false" >
187-->[androidx.work:work-runtime:2.9.1] AndroidManifest.xml:114:13-37
188            <intent-filter>
188-->[androidx.work:work-runtime:2.9.1] AndroidManifest.xml:116:13-120:29
189                <action android:name="android.intent.action.BOOT_COMPLETED" />
189-->src\main\AndroidManifest.xml:73:17-79
189-->src\main\AndroidManifest.xml:73:25-76
190                <action android:name="android.intent.action.TIME_SET" />
190-->[androidx.work:work-runtime:2.9.1] AndroidManifest.xml:118:17-73
190-->[androidx.work:work-runtime:2.9.1] AndroidManifest.xml:118:25-70
191                <action android:name="android.intent.action.TIMEZONE_CHANGED" />
191-->[androidx.work:work-runtime:2.9.1] AndroidManifest.xml:119:17-81
191-->[androidx.work:work-runtime:2.9.1] AndroidManifest.xml:119:25-78
192            </intent-filter>
193        </receiver>
194        <receiver
194-->[androidx.work:work-runtime:2.9.1] AndroidManifest.xml:122:9-131:20
195            android:name="androidx.work.impl.background.systemalarm.ConstraintProxyUpdateReceiver"
195-->[androidx.work:work-runtime:2.9.1] AndroidManifest.xml:123:13-99
196            android:directBootAware="false"
196-->[androidx.work:work-runtime:2.9.1] AndroidManifest.xml:124:13-44
197            android:enabled="@bool/enable_system_alarm_service_default"
197-->[androidx.work:work-runtime:2.9.1] AndroidManifest.xml:125:13-72
198            android:exported="false" >
198-->[androidx.work:work-runtime:2.9.1] AndroidManifest.xml:126:13-37
199            <intent-filter>
199-->[androidx.work:work-runtime:2.9.1] AndroidManifest.xml:128:13-130:29
200                <action android:name="androidx.work.impl.background.systemalarm.UpdateProxies" />
200-->[androidx.work:work-runtime:2.9.1] AndroidManifest.xml:129:17-98
200-->[androidx.work:work-runtime:2.9.1] AndroidManifest.xml:129:25-95
201            </intent-filter>
202        </receiver>
203        <receiver
203-->[androidx.work:work-runtime:2.9.1] AndroidManifest.xml:132:9-142:20
204            android:name="androidx.work.impl.diagnostics.DiagnosticsReceiver"
204-->[androidx.work:work-runtime:2.9.1] AndroidManifest.xml:133:13-78
205            android:directBootAware="false"
205-->[androidx.work:work-runtime:2.9.1] AndroidManifest.xml:134:13-44
206            android:enabled="true"
206-->[androidx.work:work-runtime:2.9.1] AndroidManifest.xml:135:13-35
207            android:exported="true"
207-->[androidx.work:work-runtime:2.9.1] AndroidManifest.xml:136:13-36
208            android:permission="android.permission.DUMP" >
208-->[androidx.work:work-runtime:2.9.1] AndroidManifest.xml:137:13-57
209            <intent-filter>
209-->[androidx.work:work-runtime:2.9.1] AndroidManifest.xml:139:13-141:29
210                <action android:name="androidx.work.diagnostics.REQUEST_DIAGNOSTICS" />
210-->[androidx.work:work-runtime:2.9.1] AndroidManifest.xml:140:17-88
210-->[androidx.work:work-runtime:2.9.1] AndroidManifest.xml:140:25-85
211            </intent-filter>
212        </receiver>
213        <!--
214        This activity is an invisible delegate activity to start scanner activity
215        and receive result, so it's unnecessary to support screen orientation and
216        we can avoid any side effect from activity recreation in any case.
217        -->
218        <activity
218-->[com.google.android.gms:play-services-code-scanner:16.1.0] AndroidManifest.xml:15:9-20:20
219            android:name="com.google.mlkit.vision.codescanner.internal.GmsBarcodeScanningDelegateActivity"
219-->[com.google.android.gms:play-services-code-scanner:16.1.0] AndroidManifest.xml:16:13-107
220            android:exported="false"
220-->[com.google.android.gms:play-services-code-scanner:16.1.0] AndroidManifest.xml:17:13-37
221            android:screenOrientation="portrait" >
221-->[com.google.android.gms:play-services-code-scanner:16.1.0] AndroidManifest.xml:18:13-49
222        </activity>
223
224        <service
224-->[com.google.mlkit:vision-common:17.0.0] AndroidManifest.xml:9:9-15:19
225            android:name="com.google.mlkit.common.internal.MlKitComponentDiscoveryService"
225-->[com.google.mlkit:vision-common:17.0.0] AndroidManifest.xml:10:13-91
226            android:directBootAware="true"
226-->[com.google.mlkit:common:18.9.0] AndroidManifest.xml:17:13-43
227            android:exported="false" >
227-->[com.google.mlkit:vision-common:17.0.0] AndroidManifest.xml:11:13-37
228            <meta-data
228-->[com.google.mlkit:vision-common:17.0.0] AndroidManifest.xml:12:13-14:85
229                android:name="com.google.firebase.components:com.google.mlkit.vision.common.internal.VisionCommonRegistrar"
229-->[com.google.mlkit:vision-common:17.0.0] AndroidManifest.xml:13:17-124
230                android:value="com.google.firebase.components.ComponentRegistrar" />
230-->[com.google.mlkit:vision-common:17.0.0] AndroidManifest.xml:14:17-82
231            <meta-data
231-->[com.google.mlkit:common:18.9.0] AndroidManifest.xml:20:13-22:85
232                android:name="com.google.firebase.components:com.google.mlkit.common.internal.CommonComponentRegistrar"
232-->[com.google.mlkit:common:18.9.0] AndroidManifest.xml:21:17-120
233                android:value="com.google.firebase.components.ComponentRegistrar" />
233-->[com.google.mlkit:common:18.9.0] AndroidManifest.xml:22:17-82
234        </service>
235
236        <provider
236-->[com.google.mlkit:common:18.9.0] AndroidManifest.xml:9:9-13:38
237            android:name="com.google.mlkit.common.internal.MlKitInitProvider"
237-->[com.google.mlkit:common:18.9.0] AndroidManifest.xml:10:13-78
238            android:authorities="tm.otpgateway.client.mlkitinitprovider"
238-->[com.google.mlkit:common:18.9.0] AndroidManifest.xml:11:13-69
239            android:exported="false"
239-->[com.google.mlkit:common:18.9.0] AndroidManifest.xml:12:13-37
240            android:initOrder="99" />
240-->[com.google.mlkit:common:18.9.0] AndroidManifest.xml:13:13-35
241
242        <activity
242-->[androidx.compose.ui:ui-tooling-android:1.7.5] AndroidManifest.xml:23:9-25:39
243            android:name="androidx.compose.ui.tooling.PreviewActivity"
243-->[androidx.compose.ui:ui-tooling-android:1.7.5] AndroidManifest.xml:24:13-71
244            android:exported="true" />
244-->[androidx.compose.ui:ui-tooling-android:1.7.5] AndroidManifest.xml:25:13-36
245
246        <receiver
246-->[com.google.firebase:firebase-messaging:25.1.3] AndroidManifest.xml:29:9-40:20
247            android:name="com.google.firebase.iid.FirebaseInstanceIdReceiver"
247-->[com.google.firebase:firebase-messaging:25.1.3] AndroidManifest.xml:30:13-78
248            android:exported="true"
248-->[com.google.firebase:firebase-messaging:25.1.3] AndroidManifest.xml:31:13-36
249            android:permission="com.google.android.c2dm.permission.SEND" >
249-->[com.google.firebase:firebase-messaging:25.1.3] AndroidManifest.xml:32:13-73
250            <intent-filter>
250-->[com.google.firebase:firebase-messaging:25.1.3] AndroidManifest.xml:33:13-35:29
251                <action android:name="com.google.android.c2dm.intent.RECEIVE" />
251-->[com.google.firebase:firebase-messaging:25.1.3] AndroidManifest.xml:34:17-81
251-->[com.google.firebase:firebase-messaging:25.1.3] AndroidManifest.xml:34:25-78
252            </intent-filter>
253
254            <meta-data
254-->[com.google.firebase:firebase-messaging:25.1.3] AndroidManifest.xml:37:13-39:40
255                android:name="com.google.android.gms.cloudmessaging.FINISHED_AFTER_HANDLED"
255-->[com.google.firebase:firebase-messaging:25.1.3] AndroidManifest.xml:38:17-92
256                android:value="true" />
256-->[com.google.firebase:firebase-messaging:25.1.3] AndroidManifest.xml:39:17-37
257        </receiver>
258        <!--
259             FirebaseMessagingService performs security checks at runtime,
260             but set to not exported to explicitly avoid allowing another app to call it.
261        -->
262        <service
262-->[com.google.firebase:firebase-messaging:25.1.3] AndroidManifest.xml:46:9-53:19
263            android:name="com.google.firebase.messaging.FirebaseMessagingService"
263-->[com.google.firebase:firebase-messaging:25.1.3] AndroidManifest.xml:47:13-82
264            android:directBootAware="true"
264-->[com.google.firebase:firebase-messaging:25.1.3] AndroidManifest.xml:48:13-43
265            android:exported="false" >
265-->[com.google.firebase:firebase-messaging:25.1.3] AndroidManifest.xml:49:13-37
266            <intent-filter android:priority="-500" >
266-->src\main\AndroidManifest.xml:63:13-65:29
267                <action android:name="com.google.firebase.MESSAGING_EVENT" />
267-->src\main\AndroidManifest.xml:64:17-78
267-->src\main\AndroidManifest.xml:64:25-75
268            </intent-filter>
269        </service>
270        <service
270-->[com.google.firebase:firebase-messaging:25.1.3] AndroidManifest.xml:54:9-63:19
271            android:name="com.google.firebase.components.ComponentDiscoveryService"
271-->[com.google.firebase:firebase-messaging:25.1.3] AndroidManifest.xml:55:13-84
272            android:directBootAware="true"
272-->[com.google.firebase:firebase-common:22.2.1] AndroidManifest.xml:32:13-43
273            android:exported="false" >
273-->[com.google.firebase:firebase-messaging:25.1.3] AndroidManifest.xml:56:13-37
274            <meta-data
274-->[com.google.firebase:firebase-messaging:25.1.3] AndroidManifest.xml:57:13-59:85
275                android:name="com.google.firebase.components:com.google.firebase.messaging.FirebaseMessagingKtxRegistrar"
275-->[com.google.firebase:firebase-messaging:25.1.3] AndroidManifest.xml:58:17-122
276                android:value="com.google.firebase.components.ComponentRegistrar" />
276-->[com.google.firebase:firebase-messaging:25.1.3] AndroidManifest.xml:59:17-82
277            <meta-data
277-->[com.google.firebase:firebase-messaging:25.1.3] AndroidManifest.xml:60:13-62:85
278                android:name="com.google.firebase.components:com.google.firebase.messaging.FirebaseMessagingRegistrar"
278-->[com.google.firebase:firebase-messaging:25.1.3] AndroidManifest.xml:61:17-119
279                android:value="com.google.firebase.components.ComponentRegistrar" />
279-->[com.google.firebase:firebase-messaging:25.1.3] AndroidManifest.xml:62:17-82
280            <meta-data
280-->[com.google.firebase:firebase-installations:19.1.2] AndroidManifest.xml:15:13-17:85
281                android:name="com.google.firebase.components:com.google.firebase.installations.FirebaseInstallationsKtxRegistrar"
281-->[com.google.firebase:firebase-installations:19.1.2] AndroidManifest.xml:16:17-130
282                android:value="com.google.firebase.components.ComponentRegistrar" />
282-->[com.google.firebase:firebase-installations:19.1.2] AndroidManifest.xml:17:17-82
283            <meta-data
283-->[com.google.firebase:firebase-installations:19.1.2] AndroidManifest.xml:18:13-20:85
284                android:name="com.google.firebase.components:com.google.firebase.installations.FirebaseInstallationsRegistrar"
284-->[com.google.firebase:firebase-installations:19.1.2] AndroidManifest.xml:19:17-127
285                android:value="com.google.firebase.components.ComponentRegistrar" />
285-->[com.google.firebase:firebase-installations:19.1.2] AndroidManifest.xml:20:17-82
286            <meta-data
286-->[com.google.firebase:firebase-common:22.2.1] AndroidManifest.xml:35:13-37:85
287                android:name="com.google.firebase.components:com.google.firebase.FirebaseCommonKtxRegistrar"
287-->[com.google.firebase:firebase-common:22.2.1] AndroidManifest.xml:36:17-109
288                android:value="com.google.firebase.components.ComponentRegistrar" />
288-->[com.google.firebase:firebase-common:22.2.1] AndroidManifest.xml:37:17-82
289            <meta-data
289-->[com.google.firebase:firebase-datatransport:18.2.0] AndroidManifest.xml:25:13-27:85
290                android:name="com.google.firebase.components:com.google.firebase.datatransport.TransportRegistrar"